<?xml version="1.0" encoding="UTF-8"?>
<testng-results skipped="0" failed="0" total="1" passed="1">
  <reporter-output>
  </reporter-output>
  <suite name="Default suite" duration-ms="64999" started-at="2019-09-15T06:35:37Z" finished-at="2019-09-15T06:36:42Z">
    <groups>
    </groups>
    <test name="Default test" duration-ms="64999" started-at="2019-09-15T06:35:37Z" finished-at="2019-09-15T06:36:42Z">
      <class name="com.amazon.Test.TestAddToCart">
        <test-method status="PASS" signature="preCondition()[pri:0, instance:com.amazon.Test.TestAddToCart@5f9d02cb]" name="preCondition" is-config="true" duration-ms="7232" started-at="2019-09-15T12:05:37Z" finished-at="2019-09-15T12:05:44Z">
          <reporter-output>
          </reporter-output>
        </test-method> <!-- preCondition -->
        <test-method status="PASS" signature="testAddBestSellerHeadFoneToCard()[pri:0, instance:com.amazon.Test.TestAddToCart@5f9d02cb]" name="testAddBestSellerHeadFoneToCard" duration-ms="53567" started-at="2019-09-15T12:05:44Z" finished-at="2019-09-15T12:06:37Z">
          <reporter-output>
          </reporter-output>
        </test-method> <!-- testAddBestSellerHeadFoneToCard -->
        <test-method status="PASS" signature="postCondition(org.testng.ITestResult)[pri:0, instance:com.amazon.Test.TestAddToCart@5f9d02cb]" name="postCondition" is-config="true" duration-ms="4186" started-at="2019-09-15T12:06:37Z" finished-at="2019-09-15T12:06:42Z">
          <params>
            <param index="0">
              <value>
                <![CDATA[[TestResult name=testAddBestSellerHeadFoneToCard status=SUCCESS method=TestAddToCart.testAddBestSellerHeadFoneToCard()[pri:0, instance:com.amazon.Test.TestAddToCart@5f9d02cb] output={null}]]]>
              </value>
            </param>
          </params>
          <reporter-output>
          </reporter-output>
        </test-method> <!-- postCondition -->
      </class> <!-- com.amazon.Test.TestAddToCart -->
    </test> <!-- Default test -->
  </suite> <!-- Default suite -->
</testng-results>
