<?xml version="1.0" encoding="UTF-8"?>
<!-- Generated by org.testng.reporters.JUnitXMLReporter -->
<testsuite hostname="HMECL002041" ignored="0" name="Surefire test" tests="1" failures="1" timestamp="2019-09-12T17:29:17 IST" time="7.447" errors="0">
  <testcase name="@AfterMethod postCondition" time="0.0" classname="com.amazon.Test.BaseTest">
    <failure type="java.lang.NullPointerException">
      <![CDATA[java.lang.NullPointerException
at com.amazon.Test.BaseTest.postCondition(BaseTest.java:24)
at java.util.ArrayList.forEach(ArrayList.java:1257)
... Removed 37 stack frames]]>
    </failure>
  </testcase> <!-- @AfterMethod postCondition -->
  <testcase name="testAddBestSellerHeadFoneToCard" time="0.017" classname="com.amazon.Test.TestAddToCart">
    <failure type="java.lang.NullPointerException">
      <![CDATA[java.lang.NullPointerException
at com.amazon.pageObject.AmazonHomePage.searchKeyWordsInSearchTextBox(AmazonHomePage.java:26)
at com.amazon.Test.TestAddToCart.testAddBestSellerHeadFoneToCard(TestAddToCart.java:13)
at java.util.ArrayList.forEach(ArrayList.java:1257)
... Removed 32 stack frames]]>
    </failure>
  </testcase> <!-- testAddBestSellerHeadFoneToCard -->
</testsuite> <!-- Surefire test -->
